Arguments: 
  /usr/local/bin/node /usr/local/bin/yarn start

PATH: 
  /Library/Frameworks/Python.framework/Versions/3.11/bin:/opt/homebrew/bin:/opt/homebrew/sbin:/usr/local/bin:/System/Cryptexes/App/usr/bin:/usr/bin:/bin:/usr/sbin:/sbin:/usr/local/go/bin:/Library/Apple/usr/bin:/Library/Frameworks/Python.framework/Versions/3.11/bin:/opt/homebrew/bin:/opt/homebrew/sbin

Yarn version: 
  1.22.19

Node version: 
  18.12.1

Platform: 
  darwin arm64

Trace: 
  SyntaxError: /Users/pierremarsot/Documents/apps/bot-votemarket-analytics-cache/package.json: Unexpected token } in JSON at position 335
      at JSON.parse (<anonymous>)
      at /usr/local/lib/node_modules/yarn/lib/cli.js:1629:59
      at Generator.next (<anonymous>)
      at step (/usr/local/lib/node_modules/yarn/lib/cli.js:310:30)
      at /usr/local/lib/node_modules/yarn/lib/cli.js:321:13

npm manifest: 
  {
    "name": "bot-votemarket-analytics-cache",
    "version": "1.0.0",
    "main": "index.js",
    "repository": "https://github.com/pierremarsotlyon1/bot-votemarket-analytics-cache.git",
    "author": "Marsot Pierre <pierre.mmarsot@gmail.com>",
    "license": "MIT",
    "scripts": {
      "test": "echo \"Error: no test specified\" && exit 1"
    },
  }

yarn manifest: 
  No manifest

Lockfile: 
  No lockfile
